<?xml version="1.0" encoding="UTF-8"?>
<!-- Generated by org.testng.reporters.JUnitReportReporter -->
<testsuite skipped="0" hostname="Nimis3149311-01" name="com.nagarro.test.TestCaseClass" tests="2" failures="0" timestamp="07 Feb 2019 11:26:32 GMT" time="49.669" errors="0">
  <testcase name="testcase2" time="10.257" classname="com.nagarro.test.TestCaseClass"/>
  <testcase name="testcase1" time="39.412" classname="com.nagarro.test.TestCaseClass"/>
</testsuite> <!-- com.nagarro.test.TestCaseClass -->
